<?xml version="1.0" encoding="UTF-8"?>
<!-- Generated by org.testng.reporters.JUnitXMLReporter -->
<testsuite hostname="admin-PC" ignored="1" name="Test" tests="2" failures="0" timestamp="01 Sep 2019 16:27:33 GMT" time="24.654" errors="0">
  <testcase name="executeLaunch" time="19.045" classname="com.mt.modules.Launch"/>
  <testcase name="executeLogin" time="5.574" classname="com.mt.modules.Login"/>
  <testcase name="closeBrowser" time="0.0" classname="com.mt.utility.CloseBrowser">
    <ignored/>
  </testcase> <!-- closeBrowser -->
</testsuite> <!-- Test -->
