<?xml version="1.0" encoding="UTF-8"?>
<!-- Generated by org.testng.reporters.JUnitXMLReporter -->
<testsuite hostname="admin-PC" ignored="1" name="Test" tests="2" failures="0" timestamp="03 Sep 2019 19:03:06 GMT" time="26.261" errors="0">
  <testcase name="executeLaunch" time="15.92" classname="com.mt.modules.Launch"/>
  <testcase name="executeLogin" time="10.274" classname="com.mt.modules.Login"/>
  <testcase name="closeBrowser" time="0.0" classname="com.mt.utility.CloseBrowser">
    <ignored/>
  </testcase> <!-- closeBrowser -->
</testsuite> <!-- Test -->
