<?xml version="1.0" encoding="UTF-8"?>
<testng-results skipped="0" failed="0" ignored="1" total="3" passed="2">
  <reporter-output>
  </reporter-output>
  <suite name="Suite" duration-ms="24654" started-at="2019-09-01T16:27:08Z" finished-at="2019-09-01T16:27:33Z">
    <groups>
    </groups>
    <test name="Test" duration-ms="24654" started-at="2019-09-01T16:27:08Z" finished-at="2019-09-01T16:27:33Z">
      <class name="com.mt.modules.Launch">
        <test-method status="PASS" signature="executeLaunch(java.lang.String, java.lang.String, int)[pri:0, instance:com.mt.modules.Launch@cb5822]" name="executeLaunch" duration-ms="19045" started-at="2019-09-01T16:27:08Z" finished-at="2019-09-01T16:27:27Z">
          <params>
            <param index="0">
              <value>
                <![CDATA[chrome]]>
              </value>
            </param>
            <param index="1">
              <value>
                <![CDATA[http://www.newtours.demoaut.com/mercurywelcome.php]]>
              </value>
            </param>
            <param index="2">
              <value>
                <![CDATA[15]]>
              </value>
            </param>
          </params>
          <reporter-output>
          </reporter-output>
        </test-method> <!-- executeLaunch -->
      </class> <!-- com.mt.modules.Launch -->
      <class name="com.mt.modules.Login">
        <test-method status="PASS" signature="executeLogin(java.lang.String, java.lang.String)[pri:0, instance:com.mt.modules.Login@4b9e13df]" name="executeLogin" duration-ms="5574" started-at="2019-09-01T16:27:27Z" finished-at="2019-09-01T16:27:33Z">
          <params>
            <param index="0">
              <value>
                <![CDATA[prit2287]]>
              </value>
            </param>
            <param index="1">
              <value>
                <![CDATA[Pritam@1987]]>
              </value>
            </param>
          </params>
          <reporter-output>
          </reporter-output>
        </test-method> <!-- executeLogin -->
      </class> <!-- com.mt.modules.Login -->
    </test> <!-- Test -->
  </suite> <!-- Suite -->
</testng-results>
